app/build/intermediates/manifest_merge_blame_file/debug/manifest-merger-blame-debug-report.txt
1<?xml version="1.0" encoding="utf-8"?>
2<manifest xmlns:android="http://schemas.android.com/apk/res/android"
3    package="life.corals.merchant"
4    android:versionCode="34"
5    android:versionName="1.34" >
6
7    <uses-sdk
8        android:minSdkVersion="21"
8-->src\main\AndroidManifest.xml
9        android:targetSdkVersion="29" />
9-->src\main\AndroidManifest.xml
10
11    <uses-permission android:name="android.permission.WRITE_EXTERNAL_STORAGE" />
11-->src\main\AndroidManifest.xml:6:5-81
11-->src\main\AndroidManifest.xml:6:22-78
12    <uses-permission android:name="android.permission.INTERNET" />
12-->src\main\AndroidManifest.xml:7:5-67
12-->src\main\AndroidManifest.xml:7:22-64
13    <uses-permission android:name="android.permission.ACCESS_NETWORK_STATE" />
13-->src\main\AndroidManifest.xml:8:5-79
13-->src\main\AndroidManifest.xml:8:22-76
14    <uses-permission android:name="android.permission.READ_PHONE_STATE" />
14-->src\main\AndroidManifest.xml:9:5-75
14-->src\main\AndroidManifest.xml:9:22-72
15    <uses-permission android:name="android.permission.CAMERA" /> <!-- Don't require camera, as this requires a rear camera. This allows it to work on the Nexus 7 -->
15-->[com.journeyapps:zxing-android-embedded:3.2.0] AndroidManifest.xml:21:5-65
15-->[com.journeyapps:zxing-android-embedded:3.2.0] AndroidManifest.xml:21:22-62
16    <uses-feature
16-->[com.journeyapps:zxing-android-embedded:3.2.0] AndroidManifest.xml:24:5-26:36
17        android:name="android.hardware.camera"
17-->[com.journeyapps:zxing-android-embedded:3.2.0] AndroidManifest.xml:25:9-47
18        android:required="false" />
18-->[com.journeyapps:zxing-android-embedded:3.2.0] AndroidManifest.xml:26:9-33
19    <uses-feature
19-->[com.journeyapps:zxing-android-embedded:3.2.0] AndroidManifest.xml:27:5-29:36
20        android:name="android.hardware.camera.front"
20-->[com.journeyapps:zxing-android-embedded:3.2.0] AndroidManifest.xml:28:9-53
21        android:required="false" /> <!-- TODO replace above two with next line after Android 4.2 -->
21-->[com.journeyapps:zxing-android-embedded:3.2.0] AndroidManifest.xml:29:9-33
22    <!-- <uses-feature android:name="android.hardware.camera.any"/> -->
23    <uses-feature
23-->[com.journeyapps:zxing-android-embedded:3.2.0] AndroidManifest.xml:32:5-34:36
24        android:name="android.hardware.camera.autofocus"
24-->[com.journeyapps:zxing-android-embedded:3.2.0] AndroidManifest.xml:33:9-57
25        android:required="false" />
25-->[com.journeyapps:zxing-android-embedded:3.2.0] AndroidManifest.xml:34:9-33
26    <uses-feature
26-->[com.journeyapps:zxing-android-embedded:3.2.0] AndroidManifest.xml:35:5-37:36
27        android:name="android.hardware.camera.flash"
27-->[com.journeyapps:zxing-android-embedded:3.2.0] AndroidManifest.xml:36:9-53
28        android:required="false" />
28-->[com.journeyapps:zxing-android-embedded:3.2.0] AndroidManifest.xml:37:9-33
29    <uses-feature
29-->[com.journeyapps:zxing-android-embedded:3.2.0] AndroidManifest.xml:38:5-40:36
30        android:name="android.hardware.screen.landscape"
30-->[com.journeyapps:zxing-android-embedded:3.2.0] AndroidManifest.xml:39:9-57
31        android:required="false" />
31-->[com.journeyapps:zxing-android-embedded:3.2.0] AndroidManifest.xml:40:9-33
32    <uses-feature
32-->[com.journeyapps:zxing-android-embedded:3.2.0] AndroidManifest.xml:41:5-43:36
33        android:name="android.hardware.wifi"
33-->[com.journeyapps:zxing-android-embedded:3.2.0] AndroidManifest.xml:42:9-45
34        android:required="false" />
34-->[com.journeyapps:zxing-android-embedded:3.2.0] AndroidManifest.xml:43:9-33
35
36    <uses-permission android:name="android.permission.WAKE_LOCK" /> <!-- Required by older versions of Google Play services to create IID tokens -->
36-->[com.google.android.gms:play-services-measurement-api:17.2.3] AndroidManifest.xml:24:5-68
36-->[com.google.android.gms:play-services-measurement-api:17.2.3] AndroidManifest.xml:24:22-65
37    <uses-permission android:name="com.google.android.c2dm.permission.RECEIVE" />
37-->[com.google.firebase:firebase-iid:20.1.0] AndroidManifest.xml:26:5-82
37-->[com.google.firebase:firebase-iid:20.1.0] AndroidManifest.xml:26:22-79
38    <uses-permission android:name="com.google.android.finsky.permission.BIND_GET_INSTALL_REFERRER_SERVICE" />
38-->[com.google.android.gms:play-services-measurement:17.2.3] AndroidManifest.xml:26:5-110
38-->[com.google.android.gms:play-services-measurement:17.2.3] AndroidManifest.xml:26:22-107
39
40    <application
40-->src\main\AndroidManifest.xml:11:5-144:19
41        android:allowBackup="true"
41-->src\main\AndroidManifest.xml:12:9-35
42        android:appComponentFactory="androidx.core.app.CoreComponentFactory"
42-->[androidx.core:core:1.2.0] AndroidManifest.xml:24:18-86
43        android:debuggable="true"
44        android:icon="@drawable/ic_icon"
44-->src\main\AndroidManifest.xml:13:9-41
45        android:label="@string/app_name"
45-->src\main\AndroidManifest.xml:14:9-41
46        android:roundIcon="@drawable/ic_icon"
46-->src\main\AndroidManifest.xml:15:9-46
47        android:supportsRtl="true"
47-->src\main\AndroidManifest.xml:16:9-35
48        android:testOnly="true"
49        android:theme="@style/AppTheme" >
49-->src\main\AndroidManifest.xml:17:9-40
50        <activity
50-->src\main\AndroidManifest.xml:19:9-20:68
51            android:name="life.corals.merchant.activity.VoucherPerformanceActivity"
51-->src\main\AndroidManifest.xml:19:19-70
52            android:theme="@style/AppTheme.NoActionBar" />
52-->src\main\AndroidManifest.xml:20:13-56
53        <activity
53-->src\main\AndroidManifest.xml:21:9-23:59
54            android:name="life.corals.merchant.activity.VoucherSetupTypes"
54-->src\main\AndroidManifest.xml:22:13-55
55            android:theme="@style/AppTheme.NoActionBar" />
55-->src\main\AndroidManifest.xml:23:13-56
56        <activity
56-->src\main\AndroidManifest.xml:24:9-26:59
57            android:name="life.corals.merchant.activity.VoucherSetupPreview"
57-->src\main\AndroidManifest.xml:25:13-57
58            android:theme="@style/AppTheme.NoActionBar" />
58-->src\main\AndroidManifest.xml:26:13-56
59        <activity
59-->src\main\AndroidManifest.xml:27:9-29:59
60            android:name="life.corals.merchant.activity.VoucherSetupCreate"
60-->src\main\AndroidManifest.xml:28:13-56
61            android:theme="@style/AppTheme.NoActionBar" />
61-->src\main\AndroidManifest.xml:29:13-56
62        <activity
62-->src\main\AndroidManifest.xml:30:9-32:59
63            android:name="life.corals.merchant.activity.VoucherSetupHome"
63-->src\main\AndroidManifest.xml:31:13-54
64            android:theme="@style/AppTheme.NoActionBar" />
64-->src\main\AndroidManifest.xml:32:13-56
65        <activity
65-->src\main\AndroidManifest.xml:33:9-35:59
66            android:name="life.corals.merchant.activity.ShowQrActivity"
66-->src\main\AndroidManifest.xml:34:13-52
67            android:theme="@style/AppTheme.NoActionBar" />
67-->src\main\AndroidManifest.xml:35:13-56
68        <activity
68-->src\main\AndroidManifest.xml:36:9-38:59
69            android:name="life.corals.merchant.activity.QrActivity"
69-->src\main\AndroidManifest.xml:37:13-48
70            android:theme="@style/AppTheme.NoActionBar" />
70-->src\main\AndroidManifest.xml:38:13-56
71        <activity
71-->src\main\AndroidManifest.xml:39:9-52:20
72            android:name="life.corals.merchant.activity.SplashScreen"
72-->src\main\AndroidManifest.xml:40:13-50
73            android:theme="@style/AppTheme.SplashNoActionBar" >
73-->src\main\AndroidManifest.xml:41:13-62
74            <intent-filter>
74-->src\main\AndroidManifest.xml:42:13-51:29
75                <action android:name="android.intent.action.MAIN" />
75-->src\main\AndroidManifest.xml:43:17-69
75-->src\main\AndroidManifest.xml:43:25-66
76
77                <category android:name="android.intent.category.DEFAULT" />
77-->src\main\AndroidManifest.xml:45:17-76
77-->src\main\AndroidManifest.xml:45:27-73
78
79                <action android:name="android.intent.action.MAIN" />
79-->src\main\AndroidManifest.xml:43:17-69
79-->src\main\AndroidManifest.xml:43:25-66
80                <action android:name="android.intent.action.VIEW" />
80-->src\main\AndroidManifest.xml:48:17-69
80-->src\main\AndroidManifest.xml:48:25-66
81
82                <category android:name="android.intent.category.LAUNCHER" />
82-->src\main\AndroidManifest.xml:50:17-77
82-->src\main\AndroidManifest.xml:50:27-74
83            </intent-filter>
84        </activity>
85        <activity
85-->src\main\AndroidManifest.xml:53:9-55:59
86            android:name="life.corals.merchant.activity.Homenew"
86-->src\main\AndroidManifest.xml:54:13-45
87            android:theme="@style/AppTheme.NoActionBar" />
87-->src\main\AndroidManifest.xml:55:13-56
88        <activity
88-->src\main\AndroidManifest.xml:56:9-58:59
89            android:name="life.corals.merchant.activity.SendNotificationActivity"
89-->src\main\AndroidManifest.xml:57:13-62
90            android:theme="@style/AppTheme.NoActionBar" />
90-->src\main\AndroidManifest.xml:58:13-56
91        <activity
91-->src\main\AndroidManifest.xml:59:9-61:59
92            android:name="life.corals.merchant.activity.HistoryIssuePoints"
92-->src\main\AndroidManifest.xml:60:13-56
93            android:theme="@style/AppTheme.NoActionBar" />
93-->src\main\AndroidManifest.xml:61:13-56
94        <activity
94-->src\main\AndroidManifest.xml:62:9-64:59
95            android:name="life.corals.merchant.activity.AwardCashbackActivity"
95-->src\main\AndroidManifest.xml:63:13-59
96            android:theme="@style/AppTheme.NoActionBar" />
96-->src\main\AndroidManifest.xml:64:13-56
97        <activity
97-->src\main\AndroidManifest.xml:65:9-67:59
98            android:name="life.corals.merchant.activity.MyCustomers"
98-->src\main\AndroidManifest.xml:66:13-49
99            android:theme="@style/AppTheme.NoActionBar" />
99-->src\main\AndroidManifest.xml:67:13-56
100        <activity
100-->src\main\AndroidManifest.xml:68:9-70:59
101            android:name="life.corals.merchant.activity.IntroActivity"
101-->src\main\AndroidManifest.xml:69:13-51
102            android:theme="@style/AppTheme.NoActionBar" />
102-->src\main\AndroidManifest.xml:70:13-56
103        <activity
103-->src\main\AndroidManifest.xml:71:9-73:59
104            android:name="life.corals.merchant.activity.TermsandConditions"
104-->src\main\AndroidManifest.xml:72:13-56
105            android:theme="@style/AppTheme.NoActionBar" />
105-->src\main\AndroidManifest.xml:73:13-56
106        <activity
106-->src\main\AndroidManifest.xml:74:9-76:59
107            android:name="life.corals.merchant.activity.PrivacyPolicy"
107-->src\main\AndroidManifest.xml:75:13-51
108            android:theme="@style/AppTheme.NoActionBar" />
108-->src\main\AndroidManifest.xml:76:13-56
109        <activity
109-->src\main\AndroidManifest.xml:77:9-79:59
110            android:name="life.corals.merchant.activity.CashCampaigns"
110-->src\main\AndroidManifest.xml:78:13-51
111            android:theme="@style/AppTheme.NoActionBar" />
111-->src\main\AndroidManifest.xml:79:13-56
112        <activity
112-->src\main\AndroidManifest.xml:80:9-82:59
113            android:name="life.corals.merchant.activity.PerformanceActivity"
113-->src\main\AndroidManifest.xml:81:13-57
114            android:theme="@style/AppTheme.NoActionBar" />
114-->src\main\AndroidManifest.xml:82:13-56
115        <activity
115-->src\main\AndroidManifest.xml:83:9-85:59
116            android:name="life.corals.merchant.activity.PerformanceGraphHomePage"
116-->src\main\AndroidManifest.xml:84:13-62
117            android:theme="@style/AppTheme.NoActionBar" />
117-->src\main\AndroidManifest.xml:85:13-56
118        <activity
118-->src\main\AndroidManifest.xml:86:9-88:59
119            android:name="life.corals.merchant.activity.CashTopupScreenScanner"
119-->src\main\AndroidManifest.xml:87:13-60
120            android:theme="@style/AppTheme.NoActionBar" />
120-->src\main\AndroidManifest.xml:88:13-56
121        <activity
121-->src\main\AndroidManifest.xml:89:9-91:59
122            android:name="life.corals.merchant.activity.CashTopupScreenSuccess"
122-->src\main\AndroidManifest.xml:90:13-60
123            android:theme="@style/AppTheme.NoActionBar" />
123-->src\main\AndroidManifest.xml:91:13-56
124        <activity
124-->src\main\AndroidManifest.xml:92:9-94:59
125            android:name="life.corals.merchant.activity.ReceivePaymentScreenTwo"
125-->src\main\AndroidManifest.xml:93:13-61
126            android:theme="@style/AppTheme.NoActionBar" />
126-->src\main\AndroidManifest.xml:94:13-56
127        <activity
127-->src\main\AndroidManifest.xml:95:9-98:64
128            android:name="life.corals.merchant.activity.ReceivePaymentScreenOne"
128-->src\main\AndroidManifest.xml:96:13-61
129            android:theme="@style/AppTheme.NoActionBar"
129-->src\main\AndroidManifest.xml:97:13-56
130            android:windowSoftInputMode="stateAlwaysVisible" />
130-->src\main\AndroidManifest.xml:98:13-61
131        <activity
131-->src\main\AndroidManifest.xml:99:9-101:59
132            android:name="life.corals.merchant.activity.HistoryTopup"
132-->src\main\AndroidManifest.xml:100:13-50
133            android:theme="@style/AppTheme.NoActionBar" />
133-->src\main\AndroidManifest.xml:101:13-56
134        <activity
134-->src\main\AndroidManifest.xml:102:9-104:59
135            android:name="life.corals.merchant.activity.RedeeemPoints"
135-->src\main\AndroidManifest.xml:103:13-51
136            android:theme="@style/AppTheme.NoActionBar" />
136-->src\main\AndroidManifest.xml:104:13-56
137        <activity
137-->src\main\AndroidManifest.xml:105:9-107:59
138            android:name="life.corals.merchant.activity.HistoryHomePage"
138-->src\main\AndroidManifest.xml:106:13-53
139            android:theme="@style/AppTheme.NoActionBar" />
139-->src\main\AndroidManifest.xml:107:13-56
140        <activity
140-->src\main\AndroidManifest.xml:108:9-110:59
141            android:name="life.corals.merchant.activity.ViewNotificationActivity"
141-->src\main\AndroidManifest.xml:109:13-62
142            android:theme="@style/AppTheme.NoActionBar" />
142-->src\main\AndroidManifest.xml:110:13-56
143
144        <service
144-->src\main\AndroidManifest.xml:112:9-120:19
145            android:name="life.corals.merchant.fcm.MyFirebaseMessagingService"
145-->src\main\AndroidManifest.xml:113:13-59
146            android:enabled="true"
146-->src\main\AndroidManifest.xml:114:13-35
147            android:exported="false" >
147-->src\main\AndroidManifest.xml:115:13-37
148            <intent-filter>
148-->src\main\AndroidManifest.xml:116:13-119:29
149                <action android:name="com.google.firebase.MESSAGING_EVENT" />
149-->src\main\AndroidManifest.xml:117:17-78
149-->src\main\AndroidManifest.xml:117:25-75
150                <action android:name="com.google.android.c2dm.intent.RECEIVE" />
150-->src\main\AndroidManifest.xml:118:17-81
150-->src\main\AndroidManifest.xml:118:25-78
151            </intent-filter>
152        </service>
153
154        <meta-data
154-->src\main\AndroidManifest.xml:122:9-124:61
155            android:name="com.google.firebase.messaging.default_notification_color"
155-->src\main\AndroidManifest.xml:123:13-84
156            android:resource="@android:color/transparent" />
156-->src\main\AndroidManifest.xml:124:13-58
157        <meta-data
157-->src\main\AndroidManifest.xml:125:9-127:69
158            android:name="com.google.android.gms.version"
158-->src\main\AndroidManifest.xml:126:13-58
159            android:value="@integer/google_play_services_version" />
159-->src\main\AndroidManifest.xml:127:13-66
160        <meta-data
160-->src\main\AndroidManifest.xml:128:9-130:39
161            android:name="com.google.android.gms.vision.DEPENDENCIES"
161-->src\main\AndroidManifest.xml:129:13-70
162            android:value="barcode" />
162-->src\main\AndroidManifest.xml:130:13-36
163        <meta-data
163-->src\main\AndroidManifest.xml:131:9-133:58
164            android:name="com.google.firebase.messaging.default_notification_icon"
164-->src\main\AndroidManifest.xml:132:13-83
165            android:resource="@drawable/ic_splash_new" />
165-->src\main\AndroidManifest.xml:133:13-55
166
167        <provider
168            android:name="androidx.core.content.FileProvider"
168-->src\main\AndroidManifest.xml:136:13-62
169            android:authorities="life.corals.merchant.provider"
169-->src\main\AndroidManifest.xml:137:13-60
170            android:exported="false"
170-->src\main\AndroidManifest.xml:138:13-37
171            android:grantUriPermissions="true" >
171-->src\main\AndroidManifest.xml:139:13-47
172            <meta-data
172-->src\main\AndroidManifest.xml:140:13-142:58
173                android:name="android.support.FILE_PROVIDER_PATHS"
173-->src\main\AndroidManifest.xml:141:17-67
174                android:resource="@xml/provider_paths" />
174-->src\main\AndroidManifest.xml:142:17-55
175        </provider>
176
177        <activity
177-->[com.karumi:dexter:4.2.0] AndroidManifest.xml:27:9-29:72
178            android:name="com.karumi.dexter.DexterActivity"
178-->[com.karumi:dexter:4.2.0] AndroidManifest.xml:28:13-60
179            android:theme="@style/Dexter.Internal.Theme.Transparent" />
179-->[com.karumi:dexter:4.2.0] AndroidManifest.xml:29:13-69
180        <activity
180-->[com.journeyapps:zxing-android-embedded:3.2.0] AndroidManifest.xml:46:9-52:63
181            android:name="com.journeyapps.barcodescanner.CaptureActivity"
181-->[com.journeyapps:zxing-android-embedded:3.2.0] AndroidManifest.xml:47:13-74
182            android:clearTaskOnLaunch="true"
182-->[com.journeyapps:zxing-android-embedded:3.2.0] AndroidManifest.xml:48:13-45
183            android:screenOrientation="sensorLandscape"
183-->[com.journeyapps:zxing-android-embedded:3.2.0] AndroidManifest.xml:49:13-56
184            android:stateNotNeeded="true"
184-->[com.journeyapps:zxing-android-embedded:3.2.0] AndroidManifest.xml:50:13-42
185            android:theme="@style/zxing_CaptureTheme"
185-->[com.journeyapps:zxing-android-embedded:3.2.0] AndroidManifest.xml:51:13-54
186            android:windowSoftInputMode="stateAlwaysHidden" />
186-->[com.journeyapps:zxing-android-embedded:3.2.0] AndroidManifest.xml:52:13-60
187        <!--
188             FirebaseMessagingService performs security checks at runtime,
189             but set to not exported to explicitly avoid allowing another app to call it.
190        -->
191        <service
191-->[com.google.firebase:firebase-messaging:20.1.1] AndroidManifest.xml:28:9-34:19
192            android:name="com.google.firebase.messaging.FirebaseMessagingService"
192-->[com.google.firebase:firebase-messaging:20.1.1] AndroidManifest.xml:29:13-82
193            android:exported="false" >
193-->[com.google.firebase:firebase-messaging:20.1.1] AndroidManifest.xml:30:13-37
194            <intent-filter android:priority="-500" >
194-->[com.google.firebase:firebase-messaging:20.1.1] AndroidManifest.xml:31:13-33:29
194-->[com.google.firebase:firebase-messaging:20.1.1] AndroidManifest.xml:31:28-51
195                <action android:name="com.google.firebase.MESSAGING_EVENT" />
195-->src\main\AndroidManifest.xml:117:17-78
195-->src\main\AndroidManifest.xml:117:25-75
196            </intent-filter>
197        </service>
198        <service
198-->[com.google.firebase:firebase-messaging:20.1.1] AndroidManifest.xml:35:9-41:19
199            android:name="com.google.firebase.components.ComponentDiscoveryService"
199-->[com.google.firebase:firebase-messaging:20.1.1] AndroidManifest.xml:36:13-84
200            android:directBootAware="true"
200-->[com.google.firebase:firebase-common:19.3.0] AndroidManifest.xml:34:13-43
201            android:exported="false" >
201-->[com.google.firebase:firebase-messaging:20.1.1] AndroidManifest.xml:37:13-37
202            <meta-data
202-->[com.google.firebase:firebase-messaging:20.1.1] AndroidManifest.xml:38:13-40:85
203                android:name="com.google.firebase.components:com.google.firebase.messaging.FirebaseMessagingRegistrar"
203-->[com.google.firebase:firebase-messaging:20.1.1] AndroidManifest.xml:39:17-119
204                android:value="com.google.firebase.components.ComponentRegistrar" />
204-->[com.google.firebase:firebase-messaging:20.1.1] AndroidManifest.xml:40:17-82
205            <meta-data
205-->[com.google.firebase:firebase-auth:19.2.0] AndroidManifest.xml:36:13-38:85
206                android:name="com.google.firebase.components:com.google.firebase.auth.FirebaseAuthRegistrar"
206-->[com.google.firebase:firebase-auth:19.2.0] AndroidManifest.xml:37:17-109
207                android:value="com.google.firebase.components.ComponentRegistrar" />
207-->[com.google.firebase:firebase-auth:19.2.0] AndroidManifest.xml:38:17-82
208            <meta-data
208-->[com.google.firebase:firebase-datatransport:17.0.3] AndroidManifest.xml:28:13-30:85
209                android:name="com.google.firebase.components:com.google.firebase.datatransport.TransportRegistrar"
209-->[com.google.firebase:firebase-datatransport:17.0.3] AndroidManifest.xml:29:17-115
210                android:value="com.google.firebase.components.ComponentRegistrar" />
210-->[com.google.firebase:firebase-datatransport:17.0.3] AndroidManifest.xml:30:17-82
211            <meta-data
211-->[com.google.android.gms:play-services-measurement-api:17.2.3] AndroidManifest.xml:30:13-32:85
212                android:name="com.google.firebase.components:com.google.firebase.analytics.connector.internal.AnalyticsConnectorRegistrar"
212-->[com.google.android.gms:play-services-measurement-api:17.2.3] AndroidManifest.xml:31:17-139
213                android:value="com.google.firebase.components.ComponentRegistrar" />
213-->[com.google.android.gms:play-services-measurement-api:17.2.3] AndroidManifest.xml:32:17-82
214            <meta-data
214-->[com.google.firebase:firebase-iid:20.1.0] AndroidManifest.xml:32:13-34:85
215                android:name="com.google.firebase.components:com.google.firebase.iid.Registrar"
215-->[com.google.firebase:firebase-iid:20.1.0] AndroidManifest.xml:33:17-96
216                android:value="com.google.firebase.components.ComponentRegistrar" />
216-->[com.google.firebase:firebase-iid:20.1.0] AndroidManifest.xml:34:17-82
217            <meta-data
217-->[com.google.firebase:firebase-installations:16.0.0] AndroidManifest.xml:17:13-19:85
218                android:name="com.google.firebase.components:com.google.firebase.installations.FirebaseInstallationsRegistrar"
218-->[com.google.firebase:firebase-installations:16.0.0] AndroidManifest.xml:18:17-127
219                android:value="com.google.firebase.components.ComponentRegistrar" />
219-->[com.google.firebase:firebase-installations:16.0.0] AndroidManifest.xml:19:17-82
220        </service>
221
222        <activity
222-->[com.google.firebase:firebase-auth:19.2.0] AndroidManifest.xml:24:9-31:50
223            android:name="com.google.firebase.auth.internal.FederatedSignInActivity"
223-->[com.google.firebase:firebase-auth:19.2.0] AndroidManifest.xml:25:13-85
224            android:excludeFromRecents="true"
224-->[com.google.firebase:firebase-auth:19.2.0] AndroidManifest.xml:26:13-46
225            android:exported="true"
225-->[com.google.firebase:firebase-auth:19.2.0] AndroidManifest.xml:27:13-36
226            android:launchMode="singleTask"
226-->[com.google.firebase:firebase-auth:19.2.0] AndroidManifest.xml:28:13-44
227            android:permission="com.google.firebase.auth.api.gms.permission.LAUNCH_FEDERATED_SIGN_IN"
227-->[com.google.firebase:firebase-auth:19.2.0] AndroidManifest.xml:29:13-102
228            android:theme="@android:style/Theme.Translucent.NoTitleBar" />
228-->[com.google.firebase:firebase-auth:19.2.0] AndroidManifest.xml:30:13-72
229
230        <receiver
230-->[com.google.firebase:firebase-iid:20.1.0] AndroidManifest.xml:37:9-44:20
231            android:name="com.google.firebase.iid.FirebaseInstanceIdReceiver"
231-->[com.google.firebase:firebase-iid:20.1.0] AndroidManifest.xml:38:13-78
232            android:exported="true"
232-->[com.google.firebase:firebase-iid:20.1.0] AndroidManifest.xml:39:13-36
233            android:permission="com.google.android.c2dm.permission.SEND" >
233-->[com.google.firebase:firebase-iid:20.1.0] AndroidManifest.xml:40:13-73
234            <intent-filter>
234-->[com.google.firebase:firebase-iid:20.1.0] AndroidManifest.xml:41:13-43:29
235                <action android:name="com.google.android.c2dm.intent.RECEIVE" />
235-->src\main\AndroidManifest.xml:118:17-81
235-->src\main\AndroidManifest.xml:118:25-78
236            </intent-filter>
237        </receiver>
238
239        <provider
239-->[com.google.firebase:firebase-common:19.3.0] AndroidManifest.xml:26:9-30:39
240            android:name="com.google.firebase.provider.FirebaseInitProvider"
240-->[com.google.firebase:firebase-common:19.3.0] AndroidManifest.xml:27:13-77
241            android:authorities="life.corals.merchant.firebaseinitprovider"
241-->[com.google.firebase:firebase-common:19.3.0] AndroidManifest.xml:28:13-72
242            android:exported="false"
242-->[com.google.firebase:firebase-common:19.3.0] AndroidManifest.xml:29:13-37
243            android:initOrder="100" />
243-->[com.google.firebase:firebase-common:19.3.0] AndroidManifest.xml:30:13-36
244
245        <activity
245-->[com.google.android.gms:play-services-base:17.1.0] AndroidManifest.xml:23:9-26:75
246            android:name="com.google.android.gms.common.api.GoogleApiActivity"
246-->[com.google.android.gms:play-services-base:17.1.0] AndroidManifest.xml:24:13-79
247            android:exported="false"
247-->[com.google.android.gms:play-services-base:17.1.0] AndroidManifest.xml:25:13-37
248            android:theme="@android:style/Theme.Translucent.NoTitleBar" />
248-->[com.google.android.gms:play-services-base:17.1.0] AndroidManifest.xml:26:13-72
249
250        <receiver
250-->[com.google.android.gms:play-services-measurement:17.2.3] AndroidManifest.xml:29:9-33:20
251            android:name="com.google.android.gms.measurement.AppMeasurementReceiver"
251-->[com.google.android.gms:play-services-measurement:17.2.3] AndroidManifest.xml:30:13-85
252            android:enabled="true"
252-->[com.google.android.gms:play-services-measurement:17.2.3] AndroidManifest.xml:31:13-35
253            android:exported="false" >
253-->[com.google.android.gms:play-services-measurement:17.2.3] AndroidManifest.xml:32:13-37
254        </receiver>
255        <receiver
255-->[com.google.android.gms:play-services-measurement:17.2.3] AndroidManifest.xml:34:9-42:20
256            android:name="com.google.android.gms.measurement.AppMeasurementInstallReferrerReceiver"
256-->[com.google.android.gms:play-services-measurement:17.2.3] AndroidManifest.xml:35:13-100
257            android:enabled="true"
257-->[com.google.android.gms:play-services-measurement:17.2.3] AndroidManifest.xml:36:13-35
258            android:exported="true"
258-->[com.google.android.gms:play-services-measurement:17.2.3] AndroidManifest.xml:37:13-36
259            android:permission="android.permission.INSTALL_PACKAGES" >
259-->[com.google.android.gms:play-services-measurement:17.2.3] AndroidManifest.xml:38:13-69
260            <intent-filter>
260-->[com.google.android.gms:play-services-measurement:17.2.3] AndroidManifest.xml:39:13-41:29
261                <action android:name="com.android.vending.INSTALL_REFERRER" />
261-->[com.google.android.gms:play-services-measurement:17.2.3] AndroidManifest.xml:40:17-79
261-->[com.google.android.gms:play-services-measurement:17.2.3] AndroidManifest.xml:40:25-76
262            </intent-filter>
263        </receiver>
264
265        <service
265-->[com.google.android.gms:play-services-measurement:17.2.3] AndroidManifest.xml:44:9-47:40
266            android:name="com.google.android.gms.measurement.AppMeasurementService"
266-->[com.google.android.gms:play-services-measurement:17.2.3] AndroidManifest.xml:45:13-84
267            android:enabled="true"
267-->[com.google.android.gms:play-services-measurement:17.2.3] AndroidManifest.xml:46:13-35
268            android:exported="false" />
268-->[com.google.android.gms:play-services-measurement:17.2.3] AndroidManifest.xml:47:13-37
269        <service
269-->[com.google.android.gms:play-services-measurement:17.2.3] AndroidManifest.xml:48:9-52:72
270            android:name="com.google.android.gms.measurement.AppMeasurementJobService"
270-->[com.google.android.gms:play-services-measurement:17.2.3] AndroidManifest.xml:49:13-87
271            android:enabled="true"
271-->[com.google.android.gms:play-services-measurement:17.2.3] AndroidManifest.xml:50:13-35
272            android:exported="false"
272-->[com.google.android.gms:play-services-measurement:17.2.3] AndroidManifest.xml:51:13-37
273            android:permission="android.permission.BIND_JOB_SERVICE" />
273-->[com.google.android.gms:play-services-measurement:17.2.3] AndroidManifest.xml:52:13-69
274        <service
274-->[com.google.android.datatransport:transport-backend-cct:2.2.0] AndroidManifest.xml:29:9-35:19
275            android:name="com.google.android.datatransport.runtime.backends.TransportBackendDiscovery"
275-->[com.google.android.datatransport:transport-backend-cct:2.2.0] AndroidManifest.xml:30:13-103
276            android:exported="false" >
276-->[com.google.android.datatransport:transport-backend-cct:2.2.0] AndroidManifest.xml:31:13-37
277            <meta-data
277-->[com.google.android.datatransport:transport-backend-cct:2.2.0] AndroidManifest.xml:32:13-34:39
278                android:name="backend:com.google.android.datatransport.cct.CctBackendFactory"
278-->[com.google.android.datatransport:transport-backend-cct:2.2.0] AndroidManifest.xml:33:17-94
279                android:value="cct" />
279-->[com.google.android.datatransport:transport-backend-cct:2.2.0] AndroidManifest.xml:34:17-36
280        </service>